Starting Mednafen 0.9.38.7
 Build information:
   Compiled with gcc 5.2.1 20151022
   Compiled against zlib 1.2.8, running with zlib 1.2.8(flags=0x000000a9)
   Compiled against SDL 1.2.15, running with SDL 1.2.15
   Running with libsndfile-1.0.25
 Base directory: /home/alec/.mednafen
 Internal emulation modules: nes snes gb gba pce pce_fast lynx md pcfx ngp psx vb wswan sms gg cdplay demo
 External emulation modules: 
 Loading settings from "/home/alec/.mednafen/mednafen-09x.cfg"...
  Loaded 14 valid settings and 0 unknown settings.
 Initializing joysticks...
 Loading AsteroidalImpact.gba...
  Applying IPS file "./AsteroidalImpact.gba.ips"...
   Failed: Error opening file "./AsteroidalImpact.gba.ips": No such file or directory
  Using module: gba(GameBoy Advance)
   Loading override settings from "/home/alec/.mednafen/gba.cfg"...
    Failed: Error opening file "/home/alec/.mednafen/gba.cfg": No such file or directory
   Loading override settings from "/home/alec/.mednafen/pgconfig/AsteroidalImpact.gba.cfg"...
    Failed: Error opening file "/home/alec/.mednafen/pgconfig/AsteroidalImpact.gba.cfg": No such file or directory

   ROM:       215KiB
   ROM CRC32: 0xba45eae0
   ROM MD5:   0xb3531a4cafa6c6425cacb19cbbd2c7a4

  Loading custom palette from "/home/alec/.mednafen/palettes/gba.pal"...
   Error: Error opening file "/home/alec/.mednafen/palettes/gba.pal": No such file or directory

  Loading cheats from /home/alec/.mednafen/cheats/gba.cht...
   Error opening file "/home/alec/.mednafen/cheats/gba.cht": No such file or directory

 Initializing sound...
  Using "ALSA" audio driver with SexyAL's default device selection.
   Bits: 16
   Rate: 48000
   Channels: 2
   Byte order: CPU Native
   Buffer size: 1560 sample frames(32.500000 ms)
   Latency: 1560 sample frames(32.500000 ms)
   Period size: 60 sample frames(1.250000 ms)
 Initializing video...
  Video Driver: OpenGL
  Video Mode: 480 x 320 x 32 bpp
  Pixel shader: none
  Fullscreen: No
  Special Scaler: None
  Scanlines: Off
  Destination Rectangle: X=0, Y=0, W=480, H=320
  OpenGL Implementation: Intel Open Source Technology Center Mesa DRI Intel(R) UHD Graphics 620 (Kabylake GT2)  3.0 Mesa 18.0.5
  Checking extensions:
   GL_ARB_texture_non_power_of_two found.
   GL_ARB_sync found.
  Using non-power-of-2 sized textures.
  Checking maximum texture size...
   Apparently it is at least: 16384 x 16384
  Using GL_BGRA, GL_UNSIGNED_INT_8_8_8_8_REV for texture source data.

Signal has been caught and dealt with: SIGINT
How DARE you interrupt me!
